<?xml version="1.0" encoding="UTF-8"?>
<testng-results ignored="0" total="4" passed="3" failed="1" skipped="0">
  <reporter-output>
  </reporter-output>
  <suite started-at="2023-12-13T15:06:09 IST" name="Default suite" finished-at="2023-12-13T15:06:41 IST" duration-ms="31490">
    <groups>
    </groups>
    <test started-at="2023-12-13T15:06:09 IST" name="Default test" finished-at="2023-12-13T15:06:41 IST" duration-ms="31490">
      <class name="testing.Login_test">
        <test-method is-config="true" signature="openbrowser()[pri:0, instance:testing.Login_test@452e19ca]" started-at="2023-12-13T15:06:10 IST" name="openbrowser" finished-at="2023-12-13T15:06:33 IST" duration-ms="23033" status="PASS">
          <reporter-output>
          </reporter-output>
        </test-method> <!-- openbrowser -->
        <test-method signature="login_btn()[pri:1, instance:testing.Login_test@452e19ca]" started-at="2023-12-13T15:06:33 IST" name="login_btn" finished-at="2023-12-13T15:06:37 IST" duration-ms="4008" status="PASS">
          <reporter-output>
          </reporter-output>
        </test-method> <!-- login_btn -->
        <test-method is-config="true" signature="getResult(org.testng.ITestResult)[pri:0, instance:testing.Login_test@452e19ca]" started-at="2023-12-13T15:06:37 IST" name="getResult" finished-at="2023-12-13T15:06:37 IST" duration-ms="7" status="PASS">
          <params>
            <param index="0">
              <value>
                <![CDATA[[TestResult name=login_btn status=SUCCESS method=Login_test.login_btn()[pri:1, instance:testing.Login_test@452e19ca] output={null}]]]>
              </value>
            </param>
          </params>
          <reporter-output>
          </reporter-output>
        </test-method> <!-- getResult -->
        <test-method signature="email()[pri:2, instance:testing.Login_test@452e19ca]" started-at="2023-12-13T15:06:37 IST" name="email" finished-at="2023-12-13T15:06:37 IST" duration-ms="579" status="PASS">
          <reporter-output>
          </reporter-output>
        </test-method> <!-- email -->
        <test-method is-config="true" signature="getResult(org.testng.ITestResult)[pri:0, instance:testing.Login_test@452e19ca]" started-at="2023-12-13T15:06:37 IST" name="getResult" finished-at="2023-12-13T15:06:37 IST" duration-ms="1" status="PASS">
          <params>
            <param index="0">
              <value>
                <![CDATA[[TestResult name=email status=SUCCESS method=Login_test.email()[pri:2, instance:testing.Login_test@452e19ca] output={null}]]]>
              </value>
            </param>
          </params>
          <reporter-output>
          </reporter-output>
        </test-method> <!-- getResult -->
        <test-method signature="password()[pri:3, instance:testing.Login_test@452e19ca]" started-at="2023-12-13T15:06:37 IST" name="password" finished-at="2023-12-13T15:06:38 IST" duration-ms="540" status="PASS">
          <reporter-output>
          </reporter-output>
        </test-method> <!-- password -->
        <test-method is-config="true" signature="getResult(org.testng.ITestResult)[pri:0, instance:testing.Login_test@452e19ca]" started-at="2023-12-13T15:06:38 IST" name="getResult" finished-at="2023-12-13T15:06:38 IST" duration-ms="4" status="PASS">
          <params>
            <param index="0">
              <value>
                <![CDATA[[TestResult name=password status=SUCCESS method=Login_test.password()[pri:3, instance:testing.Login_test@452e19ca] output={null}]]]>
              </value>
            </param>
          </params>
          <reporter-output>
          </reporter-output>
        </test-method> <!-- getResult -->
        <test-method signature="sign()[pri:4, instance:testing.Login_test@452e19ca]" started-at="2023-12-13T15:06:38 IST" name="sign" finished-at="2023-12-13T15:06:38 IST" duration-ms="78" status="FAIL">
          <exception class="java.lang.IllegalArgumentException">
            <message>
              <![CDATA[Argument is of an illegal type: org.openqa.selenium.By$ByXPath]]>
            </message>
            <full-stacktrace>
              <![CDATA[java.lang.IllegalArgumentException: Argument is of an illegal type: org.openqa.selenium.By$ByXPath
at org.openqa.selenium.remote.internal.WebElementToJsonConverter.apply(WebElementToJsonConverter.java:82)
at java.base/java.util.stream.ReferencePipeline$3$1.accept(ReferencePipeline.java:197)
at java.base/java.util.Spliterators$ArraySpliterator.forEachRemaining(Spliterators.java:1006)
at java.base/java.util.stream.AbstractPipeline.copyInto(AbstractPipeline.java:509)
at java.base/java.util.stream.AbstractPipeline.wrapAndCopyInto(AbstractPipeline.java:499)
at java.base/java.util.stream.ReduceOps$ReduceOp.evaluateSequential(ReduceOps.java:921)
at java.base/java.util.stream.AbstractPipeline.evaluate(AbstractPipeline.java:234)
at java.base/java.util.stream.ReferencePipeline.collect(ReferencePipeline.java:682)
at org.openqa.selenium.remote.RemoteWebDriver.executeScript(RemoteWebDriver.java:461)
at Reusable_methods.Generic_Methods.scrollelement(Generic_Methods.java:317)
at pages.Allparts_Login.signin(Allparts_Login.java:31)
at testing.Login_test.sign(Login_test.java:66)
at java.base/jdk.internal.reflect.DirectMethodHandleAccessor.invoke(DirectMethodHandleAccessor.java:104)
at java.base/java.lang.reflect.Method.invoke(Method.java:578)
at org.testng.internal.MethodInvocationHelper.invokeMethod(MethodInvocationHelper.java:133)
at org.testng.internal.TestInvoker.invokeMethod(TestInvoker.java:598)
at org.testng.internal.TestInvoker.invokeTestMethod(TestInvoker.java:173)
at org.testng.internal.MethodRunner.runInSequence(MethodRunner.java:46)
at org.testng.internal.TestInvoker$MethodInvocationAgent.invoke(TestInvoker.java:824)
at org.testng.internal.TestInvoker.invokeTestMethods(TestInvoker.java:146)
at org.testng.internal.TestMethodWorker.invokeTestMethods(TestMethodWorker.java:146)
at org.testng.internal.TestMethodWorker.run(TestMethodWorker.java:128)
at java.base/java.util.ArrayList.forEach(ArrayList.java:1511)
at org.testng.TestRunner.privateRun(TestRunner.java:794)
at org.testng.TestRunner.run(TestRunner.java:596)
at org.testng.SuiteRunner.runTest(SuiteRunner.java:377)
at org.testng.SuiteRunner.runSequentially(SuiteRunner.java:371)
at org.testng.SuiteRunner.privateRun(SuiteRunner.java:332)
at org.testng.SuiteRunner.run(SuiteRunner.java:276)
at org.testng.SuiteRunnerWorker.runSuite(SuiteRunnerWorker.java:53)
at org.testng.SuiteRunnerWorker.run(SuiteRunnerWorker.java:96)
at org.testng.TestNG.runSuitesSequentially(TestNG.java:1212)
at org.testng.TestNG.runSuitesLocally(TestNG.java:1134)
at org.testng.TestNG.runSuites(TestNG.java:1063)
at org.testng.TestNG.run(TestNG.java:1031)
at org.testng.remote.AbstractRemoteTestNG.run(AbstractRemoteTestNG.java:115)
at org.testng.remote.RemoteTestNG.initAndRun(RemoteTestNG.java:251)
at org.testng.remote.RemoteTestNG.main(RemoteTestNG.java:77)
]]>
            </full-stacktrace>
          </exception> <!-- java.lang.IllegalArgumentException -->
          <reporter-output>
          </reporter-output>
        </test-method> <!-- sign -->
        <test-method is-config="true" signature="getResult(org.testng.ITestResult)[pri:0, instance:testing.Login_test@452e19ca]" started-at="2023-12-13T15:06:38 IST" name="getResult" finished-at="2023-12-13T15:06:38 IST" duration-ms="375" status="PASS">
          <params>
            <param index="0">
              <value>
                <![CDATA[[TestResult name=sign status=FAILURE method=Login_test.sign()[pri:4, instance:testing.Login_test@452e19ca] output={null}]]]>
              </value>
            </param>
          </params>
          <reporter-output>
          </reporter-output>
        </test-method> <!-- getResult -->
        <test-method is-config="true" signature="endReport()[pri:0, instance:testing.Login_test@452e19ca]" started-at="2023-12-13T15:06:38 IST" name="endReport" finished-at="2023-12-13T15:06:41 IST" duration-ms="2742" status="PASS">
          <reporter-output>
          </reporter-output>
        </test-method> <!-- endReport -->
      </class> <!-- testing.Login_test -->
    </test> <!-- Default test -->
  </suite> <!-- Default suite -->
</testng-results>
